Performing C++ SOURCE FILE Test CMAKE_HAVE_LIBC_PTHREAD failed with the following output:
Change Dir: /home/pi/Desktop/Projects/Sqeak/src/build-dir/CMakeFiles/CMakeTmp

Run Build Command(s):/usr/bin/make cmTC_842b7/fast && make[1]: Entering directory '/home/pi/Desktop/Projects/Sqeak/src/build-dir/CMakeFiles/CMakeTmp'
/usr/bin/make -f CMakeFiles/cmTC_842b7.dir/build.make CMakeFiles/cmTC_842b7.dir/build
make[2]: Entering directory '/home/pi/Desktop/Projects/Sqeak/src/build-dir/CMakeFiles/CMakeTmp'
Building CXX object CMakeFiles/cmTC_842b7.dir/src.cxx.o
/usr/bin/c++    -DCMAKE_HAVE_LIBC_PTHREAD   -o CMakeFiles/cmTC_842b7.dir/src.cxx.o -c /home/pi/Desktop/Projects/Sqeak/src/build-dir/CMakeFiles/CMakeTmp/src.cxx
Linking CXX executable cmTC_842b7
/usr/bin/cmake -E cmake_link_script CMakeFiles/cmTC_842b7.dir/link.txt --verbose=1
/usr/bin/c++   -DCMAKE_HAVE_LIBC_PTHREAD    -rdynamic CMakeFiles/cmTC_842b7.dir/src.cxx.o  -o cmTC_842b7 
/usr/bin/ld: CMakeFiles/cmTC_842b7.dir/src.cxx.o: in function `main':
src.cxx:(.text+0x40): undefined reference to `pthread_create'
/usr/bin/ld: src.cxx:(.text+0x4c): undefined reference to `pthread_detach'
/usr/bin/ld: src.cxx:(.text+0x5c): undefined reference to `pthread_join'
collect2: error: ld returned 1 exit status
make[2]: *** [CMakeFiles/cmTC_842b7.dir/build.make:87: cmTC_842b7] Error 1
make[2]: Leaving directory '/home/pi/Desktop/Projects/Sqeak/src/build-dir/CMakeFiles/CMakeTmp'
make[1]: *** [Makefile:121: cmTC_842b7/fast] Error 2
make[1]: Leaving directory '/home/pi/Desktop/Projects/Sqeak/src/build-dir/CMakeFiles/CMakeTmp'


Source file was:
#include <pthread.h>

void* test_func(void* data)
{
  return data;
}

int main(void)
{
  pthread_t thread;
  pthread_create(&thread, NULL, test_func, NULL);
  pthread_detach(thread);
  pthread_join(thread, NULL);
  pthread_atfork(NULL, NULL, NULL);
  pthread_exit(NULL);

  return 0;
}

Determining if the function pthread_create exists in the pthreads failed with the following output:
Change Dir: /home/pi/Desktop/Projects/Sqeak/src/build-dir/CMakeFiles/CMakeTmp

Run Build Command(s):/usr/bin/make cmTC_7df40/fast && make[1]: Entering directory '/home/pi/Desktop/Projects/Sqeak/src/build-dir/CMakeFiles/CMakeTmp'
/usr/bin/make -f CMakeFiles/cmTC_7df40.dir/build.make CMakeFiles/cmTC_7df40.dir/build
make[2]: Entering directory '/home/pi/Desktop/Projects/Sqeak/src/build-dir/CMakeFiles/CMakeTmp'
Building CXX object CMakeFiles/cmTC_7df40.dir/CheckFunctionExists.cxx.o
/usr/bin/c++    -DCHECK_FUNCTION_EXISTS=pthread_create   -o CMakeFiles/cmTC_7df40.dir/CheckFunctionExists.cxx.o -c /home/pi/Desktop/Projects/Sqeak/src/build-dir/CMakeFiles/CheckLibraryExists/CheckFunctionExists.cxx
Linking CXX executable cmTC_7df40
/usr/bin/cmake -E cmake_link_script CMakeFiles/cmTC_7df40.dir/link.txt --verbose=1
/usr/bin/c++   -DCHECK_FUNCTION_EXISTS=pthread_create    -rdynamic CMakeFiles/cmTC_7df40.dir/CheckFunctionExists.cxx.o  -o cmTC_7df40  -lpthreads 
/usr/bin/ld: cannot find -lpthreads
collect2: error: ld returned 1 exit status
make[2]: *** [CMakeFiles/cmTC_7df40.dir/build.make:87: cmTC_7df40] Error 1
make[2]: Leaving directory '/home/pi/Desktop/Projects/Sqeak/src/build-dir/CMakeFiles/CMakeTmp'
make[1]: *** [Makefile:121: cmTC_7df40/fast] Error 2
make[1]: Leaving directory '/home/pi/Desktop/Projects/Sqeak/src/build-dir/CMakeFiles/CMakeTmp'



