Performing C++ SOURCE FILE Test CMAKE_HAVE_LIBC_PTHREAD failed with the following output:
Change Dir: /home/pi/Desktop/Projects/Sqeak/build-dir/CMakeFiles/CMakeTmp

Run Build Command(s):/usr/bin/make cmTC_afafb/fast && /usr/bin/make -f CMakeFiles/cmTC_afafb.dir/build.make CMakeFiles/cmTC_afafb.dir/build
make[1]: Entering directory '/home/pi/Desktop/Projects/Sqeak/build-dir/CMakeFiles/CMakeTmp'
Building CXX object CMakeFiles/cmTC_afafb.dir/src.cxx.o
/usr/bin/c++    -DCMAKE_HAVE_LIBC_PTHREAD   -o CMakeFiles/cmTC_afafb.dir/src.cxx.o -c /home/pi/Desktop/Projects/Sqeak/build-dir/CMakeFiles/CMakeTmp/src.cxx
Linking CXX executable cmTC_afafb
/usr/bin/cmake -E cmake_link_script CMakeFiles/cmTC_afafb.dir/link.txt --verbose=1
/usr/bin/c++   -DCMAKE_HAVE_LIBC_PTHREAD    -rdynamic CMakeFiles/cmTC_afafb.dir/src.cxx.o  -o cmTC_afafb 
/usr/bin/ld: CMakeFiles/cmTC_afafb.dir/src.cxx.o: in function `main':
src.cxx:(.text+0x40): undefined reference to `pthread_create'
/usr/bin/ld: src.cxx:(.text+0x4c): undefined reference to `pthread_detach'
/usr/bin/ld: src.cxx:(.text+0x5c): undefined reference to `pthread_join'
collect2: error: ld returned 1 exit status
make[1]: *** [CMakeFiles/cmTC_afafb.dir/build.make:87: cmTC_afafb] Error 1
make[1]: Leaving directory '/home/pi/Desktop/Projects/Sqeak/build-dir/CMakeFiles/CMakeTmp'
make: *** [Makefile:121: cmTC_afafb/fast] Error 2


Source file was:
#include <pthread.h>

void* test_func(void* data)
{
  return data;
}

int main(void)
{
  pthread_t thread;
  pthread_create(&thread, NULL, test_func, NULL);
  pthread_detach(thread);
  pthread_join(thread, NULL);
  pthread_atfork(NULL, NULL, NULL);
  pthread_exit(NULL);

  return 0;
}

Determining if the function pthread_create exists in the pthreads failed with the following output:
Change Dir: /home/pi/Desktop/Projects/Sqeak/build-dir/CMakeFiles/CMakeTmp

Run Build Command(s):/usr/bin/make cmTC_201ff/fast && /usr/bin/make -f CMakeFiles/cmTC_201ff.dir/build.make CMakeFiles/cmTC_201ff.dir/build
make[1]: Entering directory '/home/pi/Desktop/Projects/Sqeak/build-dir/CMakeFiles/CMakeTmp'
Building CXX object CMakeFiles/cmTC_201ff.dir/CheckFunctionExists.cxx.o
/usr/bin/c++    -DCHECK_FUNCTION_EXISTS=pthread_create   -o CMakeFiles/cmTC_201ff.dir/CheckFunctionExists.cxx.o -c /home/pi/Desktop/Projects/Sqeak/build-dir/CMakeFiles/CheckLibraryExists/CheckFunctionExists.cxx
Linking CXX executable cmTC_201ff
/usr/bin/cmake -E cmake_link_script CMakeFiles/cmTC_201ff.dir/link.txt --verbose=1
/usr/bin/c++   -DCHECK_FUNCTION_EXISTS=pthread_create    -rdynamic CMakeFiles/cmTC_201ff.dir/CheckFunctionExists.cxx.o  -o cmTC_201ff  -lpthreads 
/usr/bin/ld: cannot find -lpthreads
collect2: error: ld returned 1 exit status
make[1]: *** [CMakeFiles/cmTC_201ff.dir/build.make:87: cmTC_201ff] Error 1
make[1]: Leaving directory '/home/pi/Desktop/Projects/Sqeak/build-dir/CMakeFiles/CMakeTmp'
make: *** [Makefile:121: cmTC_201ff/fast] Error 2



